<?xml version="1.0" encoding="UTF-8"?>
<testsuite name="hello.proxy.pureproxy.decorator.DecoratorPatternTest" tests="1" skipped="0" failures="0" errors="0" timestamp="2025-06-10T12:30:21" hostname="kimyjui-MacBookPro.local" time="0.005">
  <properties/>
  <testcase name="decorator3()" classname="hello.proxy.pureproxy.decorator.DecoratorPatternTest" time="0.005"/>
  <system-out><![CDATA[21:30:21.775 [Test worker] INFO hello.proxy.pureproxy.decorator.DecoratorPatternTest - b=ABCdddccc
]]></system-out>
  <system-err><![CDATA[]]></system-err>
</testsuite>
